Using pre-set license
Built from '2020.3/release' branch; Version is '2020.3.2f1 (8fd9074bf66c) revision 9427207'; Using compiler version '192528614'; Build Type 'Release'
OS: 'Windows 10 Home; OS build 19045.3324; Version 2009; 64bit' Language: 'en' Physical Memory: 3983 MB
BatchMode: 1, IsHumanControllingUs: 0, StartBugReporterOnCrash: 0, Is64bit: 1, IsPro: 0

 COMMAND LINE ARGUMENTS:
C:\Program Files\Unity\Hub\Editor\2020.3.2f1\Editor\Unity.exe
-adb2
-batchMode
-noUpm
-name
AssetImportWorker0
-projectPath
E:/codeninjas/Black Belt/Very Epic Black Belt game
-logFile
Logs/AssetImportWorker0.log
-srvPort
51270
Successfully changed project path to: E:/codeninjas/Black Belt/Very Epic Black Belt game
E:/codeninjas/Black Belt/Very Epic Black Belt game
Using Asset Import Pipeline V2.
