Using pre-set license
Built from '2020.3/release' branch; Version is '2020.3.2f1 (8fd9074bf66c) revision 9427207'; Using compiler version '192528614'; Build Type 'Release'
OS: 'Windows 10 Home; OS build 19045.3324; Version 2009; 64bit' Language: 'en' Physical Memory: 3983 MB
BatchMode: 1, IsHumanControllingUs: 0, StartBugReporterOnCrash: 0, Is64bit: 1, IsPro: 0

 COMMAND LINE ARGUMENTS:
C:\Program Files\Unity\Hub\Editor\2020.3.2f1\Editor\Unity.exe
-adb2
-batchMode
-noUpm
-name
AssetImportWorker17
-projectPath
E:/codeninjas/Black Belt/Very Epic Black Belt game
-logFile
Logs/AssetImportWorker17.log
-srvPort
51270
Successfully changed project path to: E:/codeninjas/Black Belt/Very Epic Black Belt game
E:/codeninjas/Black Belt/Very Epic Black Belt game
Using Asset Import Pipeline V2.
Refreshing native plugins compatible for Editor in 74.09 ms, found 0 plugins.
Preloading 0 native plugins for Editor in 0.00 ms.
Initialize engine version: 2020.3.2f1 (8fd9074bf66c)
[Subsystems] Discovering subsystems at path C:/Program Files/Unity/Hub/Editor/2020.3.2f1/Editor/Data/Resources/UnitySubsystems
[Subsystems] Discovering subsystems at path E:/codeninjas/Black Belt/Very Epic Black Belt game/Assets
GfxDevice: creating device client; threaded=0
Direct3D:
    Version:  Direct3D 11.0 [level 11.1]
    Renderer: AMD Radeon(TM) R5 Graphics (ID=0x98e4)
    Vendor:   
    VRAM:     1991 MB
    Driver:   26.20.12036.8001
Initialize mono
Mono path[0] = 'C:/Program Files/Unity/Hub/Editor/2020.3.2f1/Editor/Data/Managed'
Mono path[1] = 'C:/Program Files/Unity/Hub/Editor/2020.3.2f1/Editor/Data/MonoBleedingEdge/lib/mono/unityjit'
Mono config path = 'C:/Program Files/Unity/Hub/Editor/2020.3.2f1/Editor/Data/MonoBleedingEdge/etc'
Using monoOptions --debugger-agent=transport=dt_socket,embedding=1,server=y,suspend=n,address=127.0.0.1:56580
Begin MonoManager ReloadAssembly
Registering precompiled unity dll's ...
Register platform support module: C:/Program Files/Unity/Hub/Editor/2020.3.2f1/Editor/Data/PlaybackEngines/WindowsStandaloneSupport/UnityEditor.WindowsStandalone.Extensions.dll
Registered in 0.005615 seconds.
Native extension for WindowsStandalone target not found
Refreshing native plugins compatible for Editor in 74.48 ms, found 0 plugins.
Preloading 0 native plugins for Editor in 0.00 ms.
Invoked RoslynAnalysisRunner static constructor.
RoslynAnalysisRunner will not be running.
RoslynAnalysisRunner has terminated.
Mono: successfully reloaded assembly
- Completed reload, in  2.808 seconds
Platform modules already initialized, skipping
Registering precompiled user dll's ...
Registered in 0.001661 seconds.
Begin MonoManager ReloadAssembly
Native extension for WindowsStandalone target not found
Refreshing native plugins compatible for Editor in 0.72 ms, found 0 plugins.
Preloading 0 native plugins for Editor in 0.00 ms.
Invoked RoslynAnalysisRunner static constructor.
RoslynAnalysisRunner will not be running.
RoslynAnalysisRunner has terminated.
Mono: successfully reloaded assembly
- Completed reload, in 10.406 seconds
Platform modules already initialized, skipping
========================================================================
Worker process is ready to serve import requests
Launched and connected shader compiler UnityShaderCompiler.exe after 0.17 seconds
Refreshing native plugins compatible for Editor in 0.79 ms, found 0 plugins.
Preloading 0 native plugins for Editor in 0.00 ms.
Unloading 1659 Unused Serialized files (Serialized files now loaded: 0)
System memory in use before: 101.1 MB.
System memory in use after: 101.1 MB.

Unloading 12 unused Assets to reduce memory usage. Loaded Objects now: 2129.
Total: 6.980600 ms (FindLiveObjects: 1.167200 ms CreateObjectMapping: 0.261800 ms MarkObjects: 5.148500 ms  DeleteObjects: 0.399300 ms)

========================================================================
Received Import Request.
  path: Assets/TextMesh Pro/Shaders/TMPro_Surface.cginc
  artifactKey: Guid(d930090c0cd643c7b55f19a38538c162) Importer(815301076,1909f56bfc062723c751e8b465ee728b)
Start importing Assets/TextMesh Pro/Shaders/TMPro_Surface.cginc using Guid(d930090c0cd643c7b55f19a38538c162) Importer(815301076,1909f56bfc062723c751e8b465ee728b)  -> (artifact id: '0561c6ccaeef17fbdac01ea0cbf024c2') in 0.184522 seconds
  Import took 0.200939 seconds .

========================================================================
Received Import Request.
  Time since last request: 0.115413 seconds.
  path: Assets/TextMesh Pro/Resources/Fonts & Materials/LiberationSans SDF - Drop Shadow.mat
  artifactKey: Guid(e73a58f6e2794ae7b1b7e50b7fb811b0) Importer(815301076,1909f56bfc062723c751e8b465ee728b)
Start importing Assets/TextMesh Pro/Resources/Fonts & Materials/LiberationSans SDF - Drop Shadow.mat using Guid(e73a58f6e2794ae7b1b7e50b7fb811b0) Importer(815301076,1909f56bfc062723c751e8b465ee728b)  -> (artifact id: 'd7c9a6e63d9fa0062e755b0df8e71c27') in 0.749795 seconds
  Import took 0.759638 seconds .

========================================================================
Received Import Request.
  Time since last request: 0.503030 seconds.
  path: Assets/TextMesh Pro/Shaders/TMP_SDF SSD.shader
  artifactKey: Guid(14eb328de4b8eb245bb7cea29e4ac00b) Importer(815301076,1909f56bfc062723c751e8b465ee728b)
Start importing Assets/TextMesh Pro/Shaders/TMP_SDF SSD.shader using Guid(14eb328de4b8eb245bb7cea29e4ac00b) Importer(815301076,1909f56bfc062723c751e8b465ee728b)  -> (artifact id: 'cccc3bd21699130f9eb76f8787291e9a') in 0.067189 seconds
  Import took 0.072145 seconds .

========================================================================
Received Import Request.
  Time since last request: 0.367874 seconds.
  path: Assets/Scenes/New Scene/LightingData.asset
  artifactKey: Guid(6ac51f4712efce94d9138c2e5b96bade) Importer(815301076,1909f56bfc062723c751e8b465ee728b)
Start importing Assets/Scenes/New Scene/LightingData.asset using Guid(6ac51f4712efce94d9138c2e5b96bade) Importer(815301076,1909f56bfc062723c751e8b465ee728b)  -> (artifact id: '9b7e6012fd6b4379924aee546460d573') in 0.065334 seconds
  Import took 0.081254 seconds .

========================================================================
Received Import Request.
  Time since last request: 0.084787 seconds.
  path: Assets/TextMesh Pro/Shaders
  artifactKey: Guid(e9f693669af91aa45ad615fc681ed29f) Importer(815301076,1909f56bfc062723c751e8b465ee728b)
Start importing Assets/TextMesh Pro/Shaders using Guid(e9f693669af91aa45ad615fc681ed29f) Importer(815301076,1909f56bfc062723c751e8b465ee728b)  -> (artifact id: 'e1be43f07b635039f26a72cc318c128c') in 0.056645 seconds
  Import took 0.062990 seconds .

========================================================================
Received Import Request.
  Time since last request: 0.936551 seconds.
  path: Assets/TextMesh Pro/Shaders/TMP_SDF.shader
  artifactKey: Guid(68e6db2ebdc24f95958faec2be5558d6) Importer(815301076,1909f56bfc062723c751e8b465ee728b)
Start importing Assets/TextMesh Pro/Shaders/TMP_SDF.shader using Guid(68e6db2ebdc24f95958faec2be5558d6) Importer(815301076,1909f56bfc062723c751e8b465ee728b)  -> (artifact id: 'e7ee8793f9df7c2209dc4a37a23a9590') in 0.060726 seconds
  Import took 0.068096 seconds .

========================================================================
Received Import Request.
  Time since last request: 0.345686 seconds.
  path: Assets/Scripts/followplayer.cs
  artifactKey: Guid(1e420cae059306d45a7a32a41246f67a) Importer(815301076,1909f56bfc062723c751e8b465ee728b)
Start importing Assets/Scripts/followplayer.cs using Guid(1e420cae059306d45a7a32a41246f67a) Importer(815301076,1909f56bfc062723c751e8b465ee728b)  -> (artifact id: 'b1b87805e772a9d9706d2571b1ecd04a') in 0.079569 seconds
  Import took 0.088187 seconds .

========================================================================
Received Import Request.
  Time since last request: 0.104020 seconds.
  path: Assets/TextMesh Pro/Shaders/TMP_SDF-Mobile.shader
  artifactKey: Guid(fe393ace9b354375a9cb14cdbbc28be4) Importer(815301076,1909f56bfc062723c751e8b465ee728b)
Start importing Assets/TextMesh Pro/Shaders/TMP_SDF-Mobile.shader using Guid(fe393ace9b354375a9cb14cdbbc28be4) Importer(815301076,1909f56bfc062723c751e8b465ee728b)  -> (artifact id: '25a507abd38bab193a00fbabe2bd2462') in 0.063356 seconds
  Import took 0.079933 seconds .

========================================================================
Received Import Request.
  Time since last request: 0.604893 seconds.
  path: Assets/Scripts/LevelSelectStuffz/switchto1.cs
  artifactKey: Guid(d926f13458f895e4e90d423f7cd8ca3e) Importer(815301076,1909f56bfc062723c751e8b465ee728b)
Start importing Assets/Scripts/LevelSelectStuffz/switchto1.cs using Guid(d926f13458f895e4e90d423f7cd8ca3e) Importer(815301076,1909f56bfc062723c751e8b465ee728b)  -> (artifact id: '59cd6f6f87e27e79834181c5607c63bf') in 0.080342 seconds
  Import took 0.092429 seconds .

========================================================================
Received Import Request.
  Time since last request: 0.187262 seconds.
  path: Assets/TextMesh Pro/Shaders/TMP_Bitmap.shader
  artifactKey: Guid(128e987d567d4e2c824d754223b3f3b0) Importer(815301076,1909f56bfc062723c751e8b465ee728b)
Start importing Assets/TextMesh Pro/Shaders/TMP_Bitmap.shader using Guid(128e987d567d4e2c824d754223b3f3b0) Importer(815301076,1909f56bfc062723c751e8b465ee728b)  -> (artifact id: 'db403b179fc32f1905e28bdb902d642a') in 0.058808 seconds
  Import took 0.068567 seconds .

========================================================================
Received Import Request.
  Time since last request: 0.991609 seconds.
  path: Assets/TextMesh Pro/Shaders/TMP_SDF-Mobile SSD.shader
  artifactKey: Guid(c8d12adcee749c344b8117cf7c7eb912) Importer(815301076,1909f56bfc062723c751e8b465ee728b)
Start importing Assets/TextMesh Pro/Shaders/TMP_SDF-Mobile SSD.shader using Guid(c8d12adcee749c344b8117cf7c7eb912) Importer(815301076,1909f56bfc062723c751e8b465ee728b)  -> (artifact id: '81668f9073b82e87072399c7a33df25e') in 0.061186 seconds
  Import took 0.071381 seconds .

========================================================================
Received Import Request.
  Time since last request: 0.354027 seconds.
  path: Assets/Scenes/ThirdLevel/LightingData.asset
  artifactKey: Guid(5dc3d0d57f0875d4fb3e9cc886afe721) Importer(815301076,1909f56bfc062723c751e8b465ee728b)
Start importing Assets/Scenes/ThirdLevel/LightingData.asset using Guid(5dc3d0d57f0875d4fb3e9cc886afe721) Importer(815301076,1909f56bfc062723c751e8b465ee728b)  -> (artifact id: '54c76c96e687b100cf138875fd46858e') in 0.044095 seconds
  Import took 0.054205 seconds .

========================================================================
Received Import Request.
  Time since last request: 0.096430 seconds.
  path: Assets/TextMesh Pro/Resources/LineBreaking Following Characters.txt
  artifactKey: Guid(fade42e8bc714b018fac513c043d323b) Importer(815301076,1909f56bfc062723c751e8b465ee728b)
Start importing Assets/TextMesh Pro/Resources/LineBreaking Following Characters.txt using Guid(fade42e8bc714b018fac513c043d323b) Importer(815301076,1909f56bfc062723c751e8b465ee728b)  -> (artifact id: '2f3263bc9b9a9a9fb0a157d6d0920c06') in 0.081859 seconds
  Import took 0.090743 seconds .

========================================================================
Received Import Request.
  Time since last request: 0.084148 seconds.
  path: Assets/TextMesh Pro/Fonts
  artifactKey: Guid(6ab70aee4d56447429c680537fbf93ed) Importer(815301076,1909f56bfc062723c751e8b465ee728b)
Start importing Assets/TextMesh Pro/Fonts using Guid(6ab70aee4d56447429c680537fbf93ed) Importer(815301076,1909f56bfc062723c751e8b465ee728b)  -> (artifact id: 'a3441593631d9ef858cd2659dd405b08') in 0.058488 seconds
  Import took 0.063121 seconds .

========================================================================
Received Import Request.
  Time since last request: 0.103767 seconds.
  path: Assets/TextMesh Pro/Sprites/EmojiOne.json
  artifactKey: Guid(8f05276190cf498a8153f6cbe761d4e6) Importer(815301076,1909f56bfc062723c751e8b465ee728b)
Start importing Assets/TextMesh Pro/Sprites/EmojiOne.json using Guid(8f05276190cf498a8153f6cbe761d4e6) Importer(815301076,1909f56bfc062723c751e8b465ee728b)  -> (artifact id: '93a06ef054301638b107e5c7e389cbbb') in 0.115149 seconds
  Import took 0.136010 seconds .

========================================================================
Received Import Request.
  Time since last request: 0.105216 seconds.
  path: Assets/Scripts/misc/PlayerMovement.cs
  artifactKey: Guid(73c28f4f497faff4c823419c6b7648f1) Importer(815301076,1909f56bfc062723c751e8b465ee728b)
Start importing Assets/Scripts/misc/PlayerMovement.cs using Guid(73c28f4f497faff4c823419c6b7648f1) Importer(815301076,1909f56bfc062723c751e8b465ee728b)  -> (artifact id: '67f9f0e47b08c57647c31c7cbe071e6c') in 0.055001 seconds
  Import took 0.063867 seconds .

========================================================================
Received Import Request.
  Time since last request: 0.094557 seconds.
  path: Assets/sendustostartscreen.cs
  artifactKey: Guid(67492916336f54a4ebdbd3fcc4d3ae3c) Importer(815301076,1909f56bfc062723c751e8b465ee728b)
Start importing Assets/sendustostartscreen.cs using Guid(67492916336f54a4ebdbd3fcc4d3ae3c) Importer(815301076,1909f56bfc062723c751e8b465ee728b)  -> (artifact id: 'f963ffdd669c9ce13ea994ed0cbd682d') in 0.061847 seconds
  Import took 0.066512 seconds .

========================================================================
Received Import Request.
  Time since last request: 0.227868 seconds.
  path: Assets/TextMesh Pro/Resources/Fonts & Materials
  artifactKey: Guid(731f1baa9d144a9897cb1d341c2092b8) Importer(815301076,1909f56bfc062723c751e8b465ee728b)
Start importing Assets/TextMesh Pro/Resources/Fonts & Materials using Guid(731f1baa9d144a9897cb1d341c2092b8) Importer(815301076,1909f56bfc062723c751e8b465ee728b)  -> (artifact id: '7a0339ce8f3542579f932d25d0e0e913') in 0.071543 seconds
  Import took 0.097127 seconds .

========================================================================
Received Import Request.
  Time since last request: 1.013870 seconds.
  path: Assets/Scripts/LevelSelectStuffz/switchto3.cs
  artifactKey: Guid(837e58354561f4f439de1f860311834d) Importer(815301076,1909f56bfc062723c751e8b465ee728b)
Start importing Assets/Scripts/LevelSelectStuffz/switchto3.cs using Guid(837e58354561f4f439de1f860311834d) Importer(815301076,1909f56bfc062723c751e8b465ee728b)  -> (artifact id: '602e1988749294c4b2cc45bc720640d4') in 0.058109 seconds
  Import took 0.065428 seconds .

========================================================================
Received Import Request.
  Time since last request: 1.230403 seconds.
  path: Assets/Scripts/misc/TimerCounter.cs
  artifactKey: Guid(b892d35cfdd88aa47b30952d4b79d3cb) Importer(815301076,1909f56bfc062723c751e8b465ee728b)
Start importing Assets/Scripts/misc/TimerCounter.cs using Guid(b892d35cfdd88aa47b30952d4b79d3cb) Importer(815301076,1909f56bfc062723c751e8b465ee728b)  -> (artifact id: 'd7ff63745a785dce6fbaa2d9a086c324') in 0.061324 seconds
  Import took 0.066940 seconds .

========================================================================
Received Import Request.
  Time since last request: 0.101547 seconds.
  path: Assets/TextMesh Pro/Shaders/TMP_Bitmap-Custom-Atlas.shader
  artifactKey: Guid(48bb5f55d8670e349b6e614913f9d910) Importer(815301076,1909f56bfc062723c751e8b465ee728b)
Start importing Assets/TextMesh Pro/Shaders/TMP_Bitmap-Custom-Atlas.shader using Guid(48bb5f55d8670e349b6e614913f9d910) Importer(815301076,1909f56bfc062723c751e8b465ee728b)  -> (artifact id: '079b888881c2ddb791617d8a6c1720ce') in 0.056700 seconds
  Import took 0.068328 seconds .

========================================================================
Received Import Request.
  Time since last request: 0.119435 seconds.
  path: Assets/TextMesh Pro/Shaders/TMP_SDF-Surface-Mobile.shader
  artifactKey: Guid(85187c2149c549c5b33f0cdb02836b17) Importer(815301076,1909f56bfc062723c751e8b465ee728b)
Start importing Assets/TextMesh Pro/Shaders/TMP_SDF-Surface-Mobile.shader using Guid(85187c2149c549c5b33f0cdb02836b17) Importer(815301076,1909f56bfc062723c751e8b465ee728b)  -> (artifact id: 'cb6b035c012dacb16596173ece9fab4a') in 0.065591 seconds
  Import took 0.070483 seconds .

========================================================================
Received Import Request.
  Time since last request: 0.099743 seconds.
  path: Assets/TextMesh Pro/Shaders/TMPro_Properties.cginc
  artifactKey: Guid(3997e2241185407d80309a82f9148466) Importer(815301076,1909f56bfc062723c751e8b465ee728b)
Start importing Assets/TextMesh Pro/Shaders/TMPro_Properties.cginc using Guid(3997e2241185407d80309a82f9148466) Importer(815301076,1909f56bfc062723c751e8b465ee728b)  -> (artifact id: '0d79eb9644b23516e784b7f77cc73c4d') in 0.056231 seconds
  Import took 0.065936 seconds .

========================================================================
Received Import Request.
  Time since last request: 0.509409 seconds.
  path: Assets/TextMesh Pro/Resources/Fonts & Materials/LiberationSans SDF.asset
  artifactKey: Guid(8f586378b4e144a9851e7b34d9b748ee) Importer(815301076,1909f56bfc062723c751e8b465ee728b)
Start importing Assets/TextMesh Pro/Resources/Fonts & Materials/LiberationSans SDF.asset using Guid(8f586378b4e144a9851e7b34d9b748ee) Importer(815301076,1909f56bfc062723c751e8b465ee728b)  -> (artifact id: '0993fc02711b3bbe6d995d41cc54c5cd') in 0.250984 seconds
  Import took 0.262590 seconds .

========================================================================
Received Import Request.
  Time since last request: 0.126448 seconds.
  path: Assets/Scenes/New Scene/ReflectionProbe-0.exr
  artifactKey: Guid(4fc1f285e7ed0f643bd456e0c7d8e7bd) Importer(815301076,1909f56bfc062723c751e8b465ee728b)
Start importing Assets/Scenes/New Scene/ReflectionProbe-0.exr using Guid(4fc1f285e7ed0f643bd456e0c7d8e7bd) Importer(815301076,1909f56bfc062723c751e8b465ee728b)  -> (artifact id: 'b820aa7efff3f23d0923eb29dc1b827c') in 0.150991 seconds
  Import took 0.156066 seconds .

========================================================================
Received Import Request.
  Time since last request: 0.562702 seconds.
  path: Assets/TextMesh Pro/Resources/Style Sheets/Default Style Sheet.asset
  artifactKey: Guid(f952c082cb03451daed3ee968ac6c63e) Importer(815301076,1909f56bfc062723c751e8b465ee728b)
Start importing Assets/TextMesh Pro/Resources/Style Sheets/Default Style Sheet.asset using Guid(f952c082cb03451daed3ee968ac6c63e) Importer(815301076,1909f56bfc062723c751e8b465ee728b)  -> (artifact id: '140ceb46d6fa3cb812ba039ebf1c53e7') in 0.115709 seconds
  Import took 0.122836 seconds .

========================================================================
Received Import Request.
  Time since last request: 0.089150 seconds.
  path: Assets/ProBuilder Data
  artifactKey: Guid(8e47f009e4f266d4999c1ba13964d1aa) Importer(815301076,1909f56bfc062723c751e8b465ee728b)
Start importing Assets/ProBuilder Data using Guid(8e47f009e4f266d4999c1ba13964d1aa) Importer(815301076,1909f56bfc062723c751e8b465ee728b)  -> (artifact id: '1e04d0908d885217125f10e41dde7772') in 0.070766 seconds
  Import took 0.077212 seconds .

========================================================================
Received Import Request.
  Time since last request: 0.436783 seconds.
  path: Assets/Scenes/SampleScene
  artifactKey: Guid(a8f748f93378ede4c8f7d66ee7bf26eb) Importer(815301076,1909f56bfc062723c751e8b465ee728b)
Start importing Assets/Scenes/SampleScene using Guid(a8f748f93378ede4c8f7d66ee7bf26eb) Importer(815301076,1909f56bfc062723c751e8b465ee728b)  -> (artifact id: '86b6b5f832a9fae51d20fdb6bff850e6') in 0.057522 seconds
  Import took 0.069600 seconds .

========================================================================
Received Import Request.
  Time since last request: 0.422906 seconds.
  path: Assets/TextMesh Pro/Shaders/TMPro.cginc
  artifactKey: Guid(407bc68d299748449bbf7f48ee690f8d) Importer(815301076,1909f56bfc062723c751e8b465ee728b)
Start importing Assets/TextMesh Pro/Shaders/TMPro.cginc using Guid(407bc68d299748449bbf7f48ee690f8d) Importer(815301076,1909f56bfc062723c751e8b465ee728b)  -> (artifact id: 'a7b8ca86563ddda39b16ad76be2dfed1') in 0.083902 seconds
  Import took 0.094996 seconds .

========================================================================
Received Import Request.
  Time since last request: 0.100464 seconds.
  path: Assets/TextMesh Pro/Documentation
  artifactKey: Guid(8e7e8f5a82a3a134e91c54efd2274ea9) Importer(815301076,1909f56bfc062723c751e8b465ee728b)
Start importing Assets/TextMesh Pro/Documentation using Guid(8e7e8f5a82a3a134e91c54efd2274ea9) Importer(815301076,1909f56bfc062723c751e8b465ee728b)  -> (artifact id: '3866dd9622994289b8b2de6f56d9f63c') in 0.081448 seconds
  Import took 0.087398 seconds .

========================================================================
Received Import Request.
  Time since last request: 0.225212 seconds.
  path: Assets/TextMesh Pro/Fonts/LiberationSans - OFL.txt
  artifactKey: Guid(6e59c59b81ab47f9b6ec5781fa725d2c) Importer(815301076,1909f56bfc062723c751e8b465ee728b)
Start importing Assets/TextMesh Pro/Fonts/LiberationSans - OFL.txt using Guid(6e59c59b81ab47f9b6ec5781fa725d2c) Importer(815301076,1909f56bfc062723c751e8b465ee728b)  -> (artifact id: '5e2e4e0c12b611f372de98bf8cf2c503') in 0.067866 seconds
  Import took 0.073565 seconds .

========================================================================
Received Import Request.
  Time since last request: 4.605414 seconds.
  path: Assets/TextMesh Pro/Resources/Sprite Assets/EmojiOne.asset
  artifactKey: Guid(c41005c129ba4d66911b75229fd70b45) Importer(815301076,1909f56bfc062723c751e8b465ee728b)
Start importing Assets/TextMesh Pro/Resources/Sprite Assets/EmojiOne.asset using Guid(c41005c129ba4d66911b75229fd70b45) Importer(815301076,1909f56bfc062723c751e8b465ee728b)  -> (artifact id: 'c7caeba900b5528200e11d20e5fa9515') in 0.082612 seconds
  Import took 0.096107 seconds .

========================================================================
Received Import Request.
  Time since last request: 0.106586 seconds.
  path: Assets/TextMesh Pro/Shaders/TMP_SDF-Mobile Masking.shader
  artifactKey: Guid(bc1ede39bf3643ee8e493720e4259791) Importer(815301076,1909f56bfc062723c751e8b465ee728b)
Start importing Assets/TextMesh Pro/Shaders/TMP_SDF-Mobile Masking.shader using Guid(bc1ede39bf3643ee8e493720e4259791) Importer(815301076,1909f56bfc062723c751e8b465ee728b)  -> (artifact id: '36ea187a17b636de5540246e7588571f') in 0.068526 seconds
  Import took 0.078869 seconds .

========================================================================
Received Import Request.
  Time since last request: 0.473552 seconds.
  path: Assets/TextMesh Pro/Resources/Style Sheets
  artifactKey: Guid(4aecb92fff08436c8303b10eab8da368) Importer(815301076,1909f56bfc062723c751e8b465ee728b)
Start importing Assets/TextMesh Pro/Resources/Style Sheets using Guid(4aecb92fff08436c8303b10eab8da368) Importer(815301076,1909f56bfc062723c751e8b465ee728b)  -> (artifact id: '6a0623226ec8fca0e40ad04048dd5cdd') in 0.069725 seconds
  Import took 0.102659 seconds .

========================================================================
Received Import Request.
  Time since last request: 0.455566 seconds.
  path: Assets/Scenes/SampleScene.unity
  artifactKey: Guid(9fc0d4010bbf28b4594072e72b8655ab) Importer(815301076,1909f56bfc062723c751e8b465ee728b)
Start importing Assets/Scenes/SampleScene.unity using Guid(9fc0d4010bbf28b4594072e72b8655ab) Importer(815301076,1909f56bfc062723c751e8b465ee728b)  -> (artifact id: '5c1b3213869f53cdcbb007fe15f2fdfc') in 0.062082 seconds
  Import took 0.071691 seconds .

========================================================================
Received Import Request.
  Time since last request: 0.109069 seconds.
  path: Assets/TextMesh Pro/Shaders/TMP_Sprite.shader
  artifactKey: Guid(cf81c85f95fe47e1a27f6ae460cf182c) Importer(815301076,1909f56bfc062723c751e8b465ee728b)
Start importing Assets/TextMesh Pro/Shaders/TMP_Sprite.shader using Guid(cf81c85f95fe47e1a27f6ae460cf182c) Importer(815301076,1909f56bfc062723c751e8b465ee728b)  -> (artifact id: 'd9c4746c2dc435153462fc815384c969') in 0.063398 seconds
  Import took 0.069173 seconds .

========================================================================
Received Import Request.
  Time since last request: 0.106492 seconds.
  path: Assets/TextMesh Pro/Shaders/TMPro_Mobile.cginc
  artifactKey: Guid(c334973cef89a9840b0b0c507e0377ab) Importer(815301076,1909f56bfc062723c751e8b465ee728b)
Start importing Assets/TextMesh Pro/Shaders/TMPro_Mobile.cginc using Guid(c334973cef89a9840b0b0c507e0377ab) Importer(815301076,1909f56bfc062723c751e8b465ee728b)  -> (artifact id: '73504e105e5d475a54f5787a2d277804') in 0.068878 seconds
  Import took 0.074541 seconds .

========================================================================
Received Import Request.
  Time since last request: 0.105978 seconds.
  path: Assets/TextMesh Pro/Sprites/EmojiOne Attribution.txt
  artifactKey: Guid(381dcb09d5029d14897e55f98031fca5) Importer(815301076,1909f56bfc062723c751e8b465ee728b)
Start importing Assets/TextMesh Pro/Sprites/EmojiOne Attribution.txt using Guid(381dcb09d5029d14897e55f98031fca5) Importer(815301076,1909f56bfc062723c751e8b465ee728b)  -> (artifact id: '53ea14fc020f333b9043951fad905202') in 0.062407 seconds
  Import took 0.067751 seconds .

========================================================================
Received Import Request.
  Time since last request: 1.270161 seconds.
  path: Assets/TextMesh Pro/Resources/Fonts & Materials/LiberationSans SDF - Fallback.asset
  artifactKey: Guid(2e498d1c8094910479dc3e1b768306a4) Importer(815301076,1909f56bfc062723c751e8b465ee728b)
Start importing Assets/TextMesh Pro/Resources/Fonts & Materials/LiberationSans SDF - Fallback.asset using Guid(2e498d1c8094910479dc3e1b768306a4) Importer(815301076,1909f56bfc062723c751e8b465ee728b)  -> (artifact id: '6325ae9a70782a205d52cf1addc2954c') in 0.122899 seconds
  Import took 0.132789 seconds .

========================================================================
Received Import Request.
  Time since last request: 0.123724 seconds.
  path: Assets/Scenes/test.unity
  artifactKey: Guid(86085e15a4007414b9899dbb96f6efb2) Importer(815301076,1909f56bfc062723c751e8b465ee728b)
Start importing Assets/Scenes/test.unity using Guid(86085e15a4007414b9899dbb96f6efb2) Importer(815301076,1909f56bfc062723c751e8b465ee728b)  -> (artifact id: '19dba2af07fa52bd705657a671c88c5f') in 0.074135 seconds
  Import took 0.079552 seconds .

========================================================================
Received Import Request.
  Time since last request: 0.491773 seconds.
  path: Assets/TextMesh Pro/Shaders/TMP_SDF-Surface.shader
  artifactKey: Guid(f7ada0af4f174f0694ca6a487b8f543d) Importer(815301076,1909f56bfc062723c751e8b465ee728b)
Start importing Assets/TextMesh Pro/Shaders/TMP_SDF-Surface.shader using Guid(f7ada0af4f174f0694ca6a487b8f543d) Importer(815301076,1909f56bfc062723c751e8b465ee728b)  -> (artifact id: 'f68ed6aa3e4ffa0b69262680d024ac00') in 0.068463 seconds
  Import took 0.076616 seconds .

========================================================================
Received Import Request.
  Time since last request: 0.108784 seconds.
  path: Assets/TextMesh Pro/Resources/Fonts & Materials/LiberationSans SDF - Outline.mat
  artifactKey: Guid(79459efec17a4d00a321bdcc27bbc385) Importer(815301076,1909f56bfc062723c751e8b465ee728b)
Start importing Assets/TextMesh Pro/Resources/Fonts & Materials/LiberationSans SDF - Outline.mat using Guid(79459efec17a4d00a321bdcc27bbc385) Importer(815301076,1909f56bfc062723c751e8b465ee728b)  -> (artifact id: 'c269c21ac78df1e67178f1f5f025eb67') in 0.330875 seconds
  Import took 0.336423 seconds .

========================================================================
Received Import Request.
  Time since last request: 0.275844 seconds.
  path: Assets/TextMesh Pro/Resources/Sprite Assets
  artifactKey: Guid(512a49d95c0c4332bdd98131869c23c9) Importer(815301076,1909f56bfc062723c751e8b465ee728b)
Start importing Assets/TextMesh Pro/Resources/Sprite Assets using Guid(512a49d95c0c4332bdd98131869c23c9) Importer(815301076,1909f56bfc062723c751e8b465ee728b)  -> (artifact id: '516dabe27f735b4afb1a24a03aa89ce9') in 0.067338 seconds
  Import took 0.072833 seconds .

========================================================================
Received Import Request.
  Time since last request: 1.397792 seconds.
  path: Assets/TextMesh Pro/Shaders/TMP_SDF Overlay.shader
  artifactKey: Guid(dd89cf5b9246416f84610a006f916af7) Importer(815301076,1909f56bfc062723c751e8b465ee728b)
Start importing Assets/TextMesh Pro/Shaders/TMP_SDF Overlay.shader using Guid(dd89cf5b9246416f84610a006f916af7) Importer(815301076,1909f56bfc062723c751e8b465ee728b)  -> (artifact id: '936881769cd0b610953c92ac052d6355') in 0.068359 seconds
  Import took 0.073895 seconds .

========================================================================
Received Import Request.
  Time since last request: 0.136623 seconds.
  path: Assets/TextMesh Pro/Sprites/EmojiOne.png
  artifactKey: Guid(dffef66376be4fa480fb02b19edbe903) Importer(815301076,1909f56bfc062723c751e8b465ee728b)
Start importing Assets/TextMesh Pro/Sprites/EmojiOne.png using Guid(dffef66376be4fa480fb02b19edbe903) Importer(815301076,1909f56bfc062723c751e8b465ee728b)  -> (artifact id: '698211a4c9822d1c59be0c8d4de26c12') in 0.156815 seconds
  Import took 0.162426 seconds .

========================================================================
Received Import Request.
  Time since last request: 0.837636 seconds.
  path: Assets/Scripts/powaups/ItemBoxSpawner.cs
  artifactKey: Guid(8536ad6555846d8459fe2e1b806db45a) Importer(815301076,1909f56bfc062723c751e8b465ee728b)
Start importing Assets/Scripts/powaups/ItemBoxSpawner.cs using Guid(8536ad6555846d8459fe2e1b806db45a) Importer(815301076,1909f56bfc062723c751e8b465ee728b)  -> (artifact id: '2a26248406365d7dbc9fc3f69dc82989') in 0.070701 seconds
  Import took 0.080238 seconds .

========================================================================
Received Import Request.
  Time since last request: 0.456885 seconds.
  path: Assets/TextMesh Pro/Resources/TMP Settings.asset
  artifactKey: Guid(3f5b5dff67a942289a9defa416b206f3) Importer(815301076,1909f56bfc062723c751e8b465ee728b)
Start importing Assets/TextMesh Pro/Resources/TMP Settings.asset using Guid(3f5b5dff67a942289a9defa416b206f3) Importer(815301076,1909f56bfc062723c751e8b465ee728b)  -> (artifact id: '1e9774aa249bac67ee762a495b89b4e6') in 0.111917 seconds
  Import took 0.117618 seconds .

========================================================================
Received Import Request.
  Time since last request: 0.084455 seconds.
  path: Assets/TextMesh Pro/Sprites
  artifactKey: Guid(d0603b6d5186471b96c778c3949c7ce2) Importer(815301076,1909f56bfc062723c751e8b465ee728b)
Start importing Assets/TextMesh Pro/Sprites using Guid(d0603b6d5186471b96c778c3949c7ce2) Importer(815301076,1909f56bfc062723c751e8b465ee728b)  -> (artifact id: '54b90cb3738d2d73cd504e78f8ae6c91') in 0.070632 seconds
  Import took 0.076111 seconds .

========================================================================
Received Import Request.
  Time since last request: 0.109891 seconds.
  path: Assets/camerafollow.cs
  artifactKey: Guid(e6e0363caa3fb9242b8e613649f14b4a) Importer(815301076,1909f56bfc062723c751e8b465ee728b)
Start importing Assets/camerafollow.cs using Guid(e6e0363caa3fb9242b8e613649f14b4a) Importer(815301076,1909f56bfc062723c751e8b465ee728b)  -> (artifact id: 'b1259b839b314c54644951aaec55f5bf') in 0.064140 seconds
  Import took 0.070765 seconds .

========================================================================
Received Import Request.
  Time since last request: 5.884108 seconds.
  path: Assets/Scenes/ThirdLevel
  artifactKey: Guid(ebaafbcf583adce4793c8063500e4a0d) Importer(815301076,1909f56bfc062723c751e8b465ee728b)
Start importing Assets/Scenes/ThirdLevel using Guid(ebaafbcf583adce4793c8063500e4a0d) Importer(815301076,1909f56bfc062723c751e8b465ee728b)  -> (artifact id: 'c598dd6461ca7753b2a0276cf2f5870a') in 0.066207 seconds
  Import took 0.071957 seconds .

========================================================================
Received Import Request.
  Time since last request: 0.353155 seconds.
  path: Assets/TextMesh Pro/Documentation/TextMesh Pro User Guide 2016.pdf
  artifactKey: Guid(1b8d251f9af63b746bf2f7ffe00ebb9b) Importer(815301076,1909f56bfc062723c751e8b465ee728b)
Start importing Assets/TextMesh Pro/Documentation/TextMesh Pro User Guide 2016.pdf using Guid(1b8d251f9af63b746bf2f7ffe00ebb9b) Importer(815301076,1909f56bfc062723c751e8b465ee728b)  -> (artifact id: '62eedd5f7c9e456521c2e6442ad82a69') in 0.089375 seconds
  Import took 0.095385 seconds .

========================================================================
Received Import Request.
  Time since last request: 0.120987 seconds.
  path: Assets/Scenes/ThirdLevel/ReflectionProbe-0.exr
  artifactKey: Guid(88f87fabecff3a244963e2afe12ad8e2) Importer(815301076,1909f56bfc062723c751e8b465ee728b)
Start importing Assets/Scenes/ThirdLevel/ReflectionProbe-0.exr using Guid(88f87fabecff3a244963e2afe12ad8e2) Importer(815301076,1909f56bfc062723c751e8b465ee728b)  -> (artifact id: 'dd855cb58b7511331c92e0fd42fb4fd2') in 0.133809 seconds
  Import took 0.146324 seconds .

========================================================================
Received Import Request.
  Time since last request: 0.337288 seconds.
  path: Assets/Scripts/LevelSelectStuffz/switchto2.cs
  artifactKey: Guid(41a17cd14f1cc2e4786989e50d71c37b) Importer(815301076,1909f56bfc062723c751e8b465ee728b)
Start importing Assets/Scripts/LevelSelectStuffz/switchto2.cs using Guid(41a17cd14f1cc2e4786989e50d71c37b) Importer(815301076,1909f56bfc062723c751e8b465ee728b)  -> (artifact id: 'b7e61b659ba7e4f16380e865111ba761') in 0.067365 seconds
  Import took 0.072612 seconds .

========================================================================
Received Import Request.
  Time since last request: 0.125593 seconds.
  path: Assets/TextMesh Pro/Shaders/TMP_Bitmap-Mobile.shader
  artifactKey: Guid(1e3b057af24249748ff873be7fafee47) Importer(815301076,1909f56bfc062723c751e8b465ee728b)
Start importing Assets/TextMesh Pro/Shaders/TMP_Bitmap-Mobile.shader using Guid(1e3b057af24249748ff873be7fafee47) Importer(815301076,1909f56bfc062723c751e8b465ee728b)  -> (artifact id: 'a14fba5628b4a5d8bd850669cebc908a') in 0.064924 seconds
  Import took 0.077438 seconds .

========================================================================
Received Import Request.
  Time since last request: 0.265303 seconds.
  path: Assets/TextMesh Pro/Resources
  artifactKey: Guid(243e06394e614e5d99fab26083b707fa) Importer(815301076,1909f56bfc062723c751e8b465ee728b)
Start importing Assets/TextMesh Pro/Resources using Guid(243e06394e614e5d99fab26083b707fa) Importer(815301076,1909f56bfc062723c751e8b465ee728b)  -> (artifact id: 'f4aa49c28bf0b1d3358a9221559fac8b') in 0.063293 seconds
  Import took 0.068500 seconds .

========================================================================
Received Import Request.
  Time since last request: 0.203172 seconds.
  path: Assets/TextMesh Pro/Shaders/TMP_SDF-Mobile Overlay.shader
  artifactKey: Guid(a02a7d8c237544f1962732b55a9aebf1) Importer(815301076,1909f56bfc062723c751e8b465ee728b)
Start importing Assets/TextMesh Pro/Shaders/TMP_SDF-Mobile Overlay.shader using Guid(a02a7d8c237544f1962732b55a9aebf1) Importer(815301076,1909f56bfc062723c751e8b465ee728b)  -> (artifact id: '2eaf0d3d47a1e2123d12c4b2eae4fda8') in 0.058791 seconds
  Import took 0.063469 seconds .

========================================================================
Received Import Request.
  Time since last request: 0.401174 seconds.
  path: Assets/TextMesh Pro/Resources/LineBreaking Leading Characters.txt
  artifactKey: Guid(d82c1b31c7e74239bff1220585707d2b) Importer(815301076,1909f56bfc062723c751e8b465ee728b)
Start importing Assets/TextMesh Pro/Resources/LineBreaking Leading Characters.txt using Guid(d82c1b31c7e74239bff1220585707d2b) Importer(815301076,1909f56bfc062723c751e8b465ee728b)  -> (artifact id: '2eebe30dcfa0a46a770f930532d73430') in 0.068876 seconds
  Import took 0.074082 seconds .

========================================================================
Received Import Request.
  Time since last request: 0.512888 seconds.
  path: Assets/Scenes/New Scene
  artifactKey: Guid(a78b1448a01d4654b9066f7f96228296) Importer(815301076,1909f56bfc062723c751e8b465ee728b)
Start importing Assets/Scenes/New Scene using Guid(a78b1448a01d4654b9066f7f96228296) Importer(815301076,1909f56bfc062723c751e8b465ee728b)  -> (artifact id: '07c40e51673833efa557abb0e3272151') in 0.060381 seconds
  Import took 0.065224 seconds .

